
LICENSE SYSTEM [2017217 15:23:29] No start/stop license dates set

LICENSE SYSTEM [2017217 15:23:29] Next license update check is after 2017-02-18T12:21:13

Built from '5.5/release' branch; Version is '5.5.0f3 (38b4efef76f0) revision 3716335'; Using compiler version '160040219'
OS: 'Windows 10  (10.0.0) 64bit' Language: 'en' Physical Memory: 16240 MB
BatchMode: 1, IsHumanControllingUs: 0, StartBugReporterOnCrash: 0, Is64bit: 1, IsPro: 0
Initialize mono
Mono path[0] = 'C:/Program Files/Unity/Editor/Data/Managed'
Mono path[1] = 'C:/Program Files/Unity/Editor/Data/Mono/lib/mono/2.0'
Mono path[2] = 'C:/Program Files/Unity/Editor/Data/UnityScript'
Mono config path = 'C:/Program Files/Unity/Editor/Data/Mono/etc'
Using monoOptions --debugger-agent=transport=dt_socket,embedding=1,defer=y,address=0.0.0.0:56460

 BATCHMODE ARGUMENTS:

C:\Program Files\Unity\Editor\Unity.exe
-quit
-batchmode
-logFile
C:\\xampp\\htdocs\\digiart-project_Jan17\\wp-content\\plugins\\wordpressunity3deditor\\games_assemble\\dune\stdout.log
-projectPath
C:\\xampp\\htdocs\\digiart-project_Jan17\\wp-content\\plugins\\wordpressunity3deditor\\games_assemble\\dune
-buildWindowsPlayer
builds\mygame.exe
Successfully changed project path to: C:\\xampp\\htdocs\\digiart-project_Jan17\\wp-content\\plugins\\wordpressunity3deditor\\games_assemble\\dune
C://xampp//htdocs//digiart-project_Jan17//wp-content//plugins//wordpressunity3deditor//games_assemble//dune
Loading GUID <-> Path mappings...0.000257 seconds
Loading Asset Database...0.019286 seconds
Audio: FMOD Profiler initialized on port 54900
AssetDatabase consistency checks...0.054945 seconds
Initialize engine version: 5.5.0f3 (38b4efef76f0)
GfxDevice: creating device client; threaded=0
Direct3D:
    Version:  Direct3D 11.0 [level 11.0]
    Renderer: NVIDIA GeForce GTX 960M (ID=0x139b)
    Vendor:   NVIDIA
    VRAM:     2018 MB
    Driver:   8.0.903.0
Begin MonoManager ReloadAssembly
Platform assembly: C:\Program Files\Unity\Editor\Data\Managed\UnityEngine.dll (this message is harmless)
Platform assembly: C:\Program Files\Unity\Editor\Data\Managed\UnityEditor.dll (this message is harmless)
Platform assembly: C:\Program Files\Unity\Editor\Data\Managed\Unity.Locator.dll (this message is harmless)
Refreshing native plugins compatible for Editor in 68.34 ms, found 4 plugins.
Platform assembly: C:\Program Files\Unity\Editor\Data\Mono\lib\mono\2.0\I18N.dll (this message is harmless)
Platform assembly: C:\Program Files\Unity\Editor\Data\Mono\lib\mono\2.0\I18N.West.dll (this message is harmless)
Platform assembly: C:\Program Files\Unity\Editor\Data\Managed\Unity.DataContract.dll (this message is harmless)
Platform assembly: C:\Program Files\Unity\Editor\Data\Mono\lib\mono\2.0\System.Core.dll (this message is harmless)
Platform assembly: C:\Program Files\Unity\Editor\Data\Managed\Unity.IvyParser.dll (this message is harmless)
Platform assembly: C:\Program Files\Unity\Editor\Data\Mono\lib\mono\2.0\System.dll (this message is harmless)
Platform assembly: C:\Program Files\Unity\Editor\Data\Mono\lib\mono\2.0\System.Xml.dll (this message is harmless)
Platform assembly: C:\Program Files\Unity\Editor\Data\Mono\lib\mono\2.0\System.Configuration.dll (this message is harmless)
Platform assembly: C:\Program Files\Unity\Editor\Data\PackageManager\Unity\PackageManager\5.5.0\Unity.PackageManager.dll (this message is harmless)
Initializing Unity.PackageManager (PackageManager) v5.5.0 for Unity v5.5.0f3
Setting StandaloneWindows v5.5.0 for Unity v5.5.0f3 to C:\Program Files\Unity\Editor\Data\PlaybackEngines\windowsstandalonesupport
Setting Advertisements v5.5.0 for Unity v5.5.0f3 to C:\Program Files\Unity\Editor\Data\UnityExtensions\Unity\Advertisements
  UnityEngine.Advertisements.dll (Extension) GUID: 739bbd9f364b4268874f9fd86ab3beef
  Editor/UnityEditor.Advertisements.dll (Extension) GUID: 97decbdab0634cdd991f8d23ddf0dead
Setting EditorTestsRunner v5.5.0 for Unity v5.5.0f3 to C:\Program Files\Unity\Editor\Data\UnityExtensions\Unity\EditorTestsRunner
  Editor/nunit.framework.dll (Extension) GUID: 7cbab2be89b54486bbd23a6fe637d30e
  Editor/UnityEditor.EditorTestsRunner.dll (Extension) GUID: 3c0ad459c1534645b5d603b7cc258f97
Setting GUISystem v5.5.0 for Unity v5.5.0f3 to C:\Program Files\Unity\Editor\Data\UnityExtensions\Unity\GUISystem
  UnityEngine.UI.dll (Extension) GUID: f5f67c52d1564df4a8936ccd202a3bd8
  Standalone/UnityEngine.UI.dll (Extension) GUID: f70555f144d8491a825f0804e09c671c
  Editor/UnityEditor.UI.dll (Extension) GUID: 80a3616ca19596e4da0f10f14d241e9f
Setting UNetHLAPI v5.5.0 for Unity v5.5.0f3 to C:\Program Files\Unity\Editor\Data\UnityExtensions\Unity\Networking
  UnityEngine.Networking.dll (Extension) GUID: 870353891bb340e2b2a9c8707e7419ba
  Standalone/UnityEngine.Networking.dll (Extension) GUID: dc443db3e92b4983b9738c1131f555cb
  Editor/UnityEditor.Networking.dll (Extension) GUID: 5f32cd94baa94578a686d4b9d6b660f7
Setting PlaymodeTestsRunner v5.5.0 for Unity v5.5.0f3 to C:\Program Files\Unity\Editor\Data\UnityExtensions\Unity\PlaymodeTestsRunner
  Editor/UnityEditor.PlaymodeTestsRunner.dll (Extension) GUID: 4113173d5e95493ab8765d7b08371de4
  UnityEngine.PlaymodeTestsRunner.dll (Extension) GUID: 53ebcfaa2e1e4e2dbc85882cd5a73fa1
Setting TreeEditor v5.5.0 for Unity v5.5.0f3 to C:\Program Files\Unity\Editor\Data\UnityExtensions\Unity\TreeEditor
  Editor/UnityEditor.TreeEditor.dll (Extension) GUID: adebbd281f1a4ef3a30be7f21937e02f
Setting UnityAnalytics v5.5.0 for Unity v5.5.0f3 to C:\Program Files\Unity\Editor\Data\UnityExtensions\Unity\UnityAnalytics
  UnityEngine.Analytics.dll (Extension) GUID: 852E56802EB941638ACBB491814497B0
  Editor/UnityEditor.Analytics.dll (Extension) GUID: 86f4de9468454445ac2f39e207fafa3a
Setting UnityHoloLens v5.5.0 for Unity v5.5.0f3 to C:\Program Files\Unity\Editor\Data\UnityExtensions\Unity\UnityHoloLens
  Editor/UnityEditor.HoloLens.dll (Extension) GUID: 12fd8a0055b84bb59e84c9835a37e333
  Runtime/UnityEngine.HoloLens.dll (Extension) GUID: f7b54ff4a43d4fcf81b4538b678e0bcc
  RuntimeEditor/UnityEngine.HoloLens.dll (Extension) GUID: 1c6d1fbb51834b64847b1b73a75bfc77
Setting UnityPurchasing v5.5.0 for Unity v5.5.0f3 to C:\Program Files\Unity\Editor\Data\UnityExtensions\Unity\UnityPurchasing
  UnityEngine.Purchasing.dll (Extension) GUID: 8E0CD8ED44D4412CBE0642067ABC9E44
Setting UnityVR v5.5.0 for Unity v5.5.0f3 to C:\Program Files\Unity\Editor\Data\UnityExtensions\Unity\UnityVR
  Editor/UnityEditor.VR.dll (Extension) GUID: 4ba2329b63d54f0187bcaa12486b1b0f
  Runtime/UnityEngine.VR.dll (Extension) GUID: 6cdf1e5c78d14720aaadccd4C792df96
  RuntimeEditor/UnityEngine.VR.dll (Extension) GUID: 307433eba81a469ab1e2084d52d1a5a2
Registering custom dll's ...
Register platform support module: C:\Program Files\Unity\Editor\Data\PlaybackEngines\windowsstandalonesupport/UnityEditor.WindowsStandalone.Extensions.dll
Registered in 0.011669 seconds.
Platform assembly: C:\Program Files\Unity\Editor\Data\PackageManager\Unity\PackageManager\5.5.0\Unity.PackageManager.dll (this message is harmless)
Loading C:\Program Files\Unity\Editor\Data\PackageManager\Unity\PackageManager\5.5.0\Unity.PackageManager.dll into Unity Child Domain
Non platform assembly: C:\Program Files\Unity\Editor\Data\UnityExtensions\Unity\Advertisements\UnityEngine.Advertisements.dll (this message is harmless)
Loading C:\Program Files\Unity\Editor\Data\UnityExtensions\Unity\Advertisements\UnityEngine.Advertisements.dll into Unity Child Domain
Non platform assembly: C:\Program Files\Unity\Editor\Data\UnityExtensions\Unity\Advertisements\Editor\UnityEditor.Advertisements.dll (this message is harmless)
Loading C:\Program Files\Unity\Editor\Data\UnityExtensions\Unity\Advertisements\Editor\UnityEditor.Advertisements.dll into Unity Child Domain
Non platform assembly: C:\Program Files\Unity\Editor\Data\UnityExtensions\Unity\EditorTestsRunner\Editor\nunit.framework.dll (this message is harmless)
Loading C:\Program Files\Unity\Editor\Data\UnityExtensions\Unity\EditorTestsRunner\Editor\nunit.framework.dll into Unity Child Domain
Non platform assembly: C:\Program Files\Unity\Editor\Data\UnityExtensions\Unity\EditorTestsRunner\Editor\UnityEditor.EditorTestsRunner.dll (this message is harmless)
Loading C:\Program Files\Unity\Editor\Data\UnityExtensions\Unity\EditorTestsRunner\Editor\UnityEditor.EditorTestsRunner.dll into Unity Child Domain
Non platform assembly: C:\Program Files\Unity\Editor\Data\UnityExtensions\Unity\GUISystem\UnityEngine.UI.dll (this message is harmless)
Loading C:\Program Files\Unity\Editor\Data\UnityExtensions\Unity\GUISystem\UnityEngine.UI.dll into Unity Child Domain
Non platform assembly: C:\Program Files\Unity\Editor\Data\UnityExtensions\Unity\GUISystem\Editor\UnityEditor.UI.dll (this message is harmless)
Loading C:\Program Files\Unity\Editor\Data\UnityExtensions\Unity\GUISystem\Editor\UnityEditor.UI.dll into Unity Child Domain
Non platform assembly: C:\Program Files\Unity\Editor\Data\UnityExtensions\Unity\Networking\UnityEngine.Networking.dll (this message is harmless)
Loading C:\Program Files\Unity\Editor\Data\UnityExtensions\Unity\Networking\UnityEngine.Networking.dll into Unity Child Domain
Non platform assembly: C:\Program Files\Unity\Editor\Data\UnityExtensions\Unity\Networking\Editor\UnityEditor.Networking.dll (this message is harmless)
Loading C:\Program Files\Unity\Editor\Data\UnityExtensions\Unity\Networking\Editor\UnityEditor.Networking.dll into Unity Child Domain
Non platform assembly: C:\Program Files\Unity\Editor\Data\UnityExtensions\Unity\PlaymodeTestsRunner\Editor\UnityEditor.PlaymodeTestsRunner.dll (this message is harmless)
Loading C:\Program Files\Unity\Editor\Data\UnityExtensions\Unity\PlaymodeTestsRunner\Editor\UnityEditor.PlaymodeTestsRunner.dll into Unity Child Domain
Non platform assembly: C:\Program Files\Unity\Editor\Data\UnityExtensions\Unity\PlaymodeTestsRunner\UnityEngine.PlaymodeTestsRunner.dll (this message is harmless)
Loading C:\Program Files\Unity\Editor\Data\UnityExtensions\Unity\PlaymodeTestsRunner\UnityEngine.PlaymodeTestsRunner.dll into Unity Child Domain
Non platform assembly: C:\Program Files\Unity\Editor\Data\UnityExtensions\Unity\TreeEditor\Editor\UnityEditor.TreeEditor.dll (this message is harmless)
Loading C:\Program Files\Unity\Editor\Data\UnityExtensions\Unity\TreeEditor\Editor\UnityEditor.TreeEditor.dll into Unity Child Domain
Non platform assembly: C:\Program Files\Unity\Editor\Data\UnityExtensions\Unity\UnityAnalytics\UnityEngine.Analytics.dll (this message is harmless)
Loading C:\Program Files\Unity\Editor\Data\UnityExtensions\Unity\UnityAnalytics\UnityEngine.Analytics.dll into Unity Child Domain
Non platform assembly: C:\Program Files\Unity\Editor\Data\UnityExtensions\Unity\UnityAnalytics\Editor\UnityEditor.Analytics.dll (this message is harmless)
Loading C:\Program Files\Unity\Editor\Data\UnityExtensions\Unity\UnityAnalytics\Editor\UnityEditor.Analytics.dll into Unity Child Domain
Non platform assembly: C:\Program Files\Unity\Editor\Data\UnityExtensions\Unity\UnityHoloLens\Editor\UnityEditor.HoloLens.dll (this message is harmless)
Loading C:\Program Files\Unity\Editor\Data\UnityExtensions\Unity\UnityHoloLens\Editor\UnityEditor.HoloLens.dll into Unity Child Domain
Non platform assembly: C:\Program Files\Unity\Editor\Data\UnityExtensions\Unity\UnityHoloLens\RuntimeEditor\UnityEngine.HoloLens.dll (this message is harmless)
Loading C:\Program Files\Unity\Editor\Data\UnityExtensions\Unity\UnityHoloLens\RuntimeEditor\UnityEngine.HoloLens.dll into Unity Child Domain
Non platform assembly: C:\Program Files\Unity\Editor\Data\UnityExtensions\Unity\UnityPurchasing\UnityEngine.Purchasing.dll (this message is harmless)
Loading C:\Program Files\Unity\Editor\Data\UnityExtensions\Unity\UnityPurchasing\UnityEngine.Purchasing.dll into Unity Child Domain
Non platform assembly: C:\Program Files\Unity\Editor\Data\UnityExtensions\Unity\UnityVR\Editor\UnityEditor.VR.dll (this message is harmless)
Loading C:\Program Files\Unity\Editor\Data\UnityExtensions\Unity\UnityVR\Editor\UnityEditor.VR.dll into Unity Child Domain
Non platform assembly: C:\Program Files\Unity\Editor\Data\UnityExtensions\Unity\UnityVR\RuntimeEditor\UnityEngine.VR.dll (this message is harmless)
Loading C:\Program Files\Unity\Editor\Data\UnityExtensions\Unity\UnityVR\RuntimeEditor\UnityEngine.VR.dll into Unity Child Domain
Platform assembly: C:\Program Files\Unity\Editor\Data\Managed\UnityEditor.Graphs.dll (this message is harmless)
Loading C:\Program Files\Unity\Editor\Data\Managed\UnityEditor.Graphs.dll into Unity Child Domain
Platform assembly: C:\Program Files\Unity\Editor\Data\PlaybackEngines\windowsstandalonesupport\UnityEditor.WindowsStandalone.Extensions.dll (this message is harmless)
Loading C:\Program Files\Unity\Editor\Data\PlaybackEngines\windowsstandalonesupport\UnityEditor.WindowsStandalone.Extensions.dll into Unity Child Domain
Platform assembly: C:\Program Files\Unity\Editor\Data\Managed\nunit.core.interfaces.dll (this message is harmless)
Refreshing native plugins compatible for Editor in 0.62 ms, found 4 plugins.
Preloading 2 native plugins for Editor in 18.65 ms.
Platform assembly: C:\Program Files\Unity\Editor\Data\Managed\Mono.Cecil.dll (this message is harmless)
Platform assembly: C:\Program Files\Unity\Editor\Data\Managed\Unity.SerializationLogic.dll (this message is harmless)
Platform assembly: C:\Program Files\Unity\Editor\Data\Mono\lib\mono\2.0\UnityScript.dll (this message is harmless)
Platform assembly: C:\Program Files\Unity\Editor\Data\Managed\ICSharpCode.NRefactory.dll (this message is harmless)
Platform assembly: C:\Program Files\Unity\Editor\Data\Mono\lib\mono\2.0\System.Xml.Linq.dll (this message is harmless)
Platform assembly: C:\Program Files\Unity\Editor\Data\Managed\nunit.core.dll (this message is harmless)
Mono: successfully reloaded assembly
- Completed reload, in  3.266 seconds
Registering platform support modules:
Platform assembly: C:\Program Files\Unity\Editor\Data\Mono\lib\mono\2.0\Boo.Lang.Compiler.dll (this message is harmless)
Platform assembly: C:\Program Files\Unity\Editor\Data\Mono\lib\mono\2.0\Boo.Lang.dll (this message is harmless)
Platform assembly: C:\Program Files\Unity\Editor\Data\Mono\lib\mono\2.0\Boo.Lang.Parser.dll (this message is harmless)
Platform assembly: C:\Program Files\Unity\Editor\Data\Mono\lib\mono\2.0\UnityScript.Lang.dll (this message is harmless)
Platform assembly: C:\Program Files\Unity\Editor\Data\Mono\lib\mono\2.0\Mono.Security.dll (this message is harmless)
Registered platform support modules in: 0.2087616s.
Native extension for WindowsStandalone target not found
- starting compile Library/ScriptAssemblies/Assembly-CSharp-firstpass.dll, for buildtarget 5
- Finished compile Library/ScriptAssemblies/Assembly-CSharp-firstpass.dll
WeaveUnetFromEditor Temp/Assembly-CSharp-firstpass.dll
Platform assembly: C:\Program Files\Unity\Editor\Data\Managed\Unity.UNetWeaver.dll (this message is harmless)
WeaveAssemblies unityPath= C:/Program Files/Unity/Editor/Data/Managed/UnityEngine.dll
WeaveAssemblies unetPath= C:/Program Files/Unity/Editor/Data/UnityExtensions/Unity/Networking/UnityEngine.Networking.dll
Platform assembly: C:\Program Files\Unity\Editor\Data\Managed\Mono.Cecil.Pdb.dll (this message is harmless)
Platform assembly: C:\Program Files\Unity\Editor\Data\Managed\Mono.Cecil.Mdb.dll (this message is harmless)
Symbols will be read from Temp/Assembly-CSharp-firstpass.dll.mdb
Script Module: Assembly-CSharp-firstpass.dll
Pass: 0 took 42 milliseconds
Pass: 1 took 11 milliseconds
- starting compile Library/ScriptAssemblies/Assembly-CSharp-Editor-firstpass.dll, for buildtarget 5
- Finished compile Library/ScriptAssemblies/Assembly-CSharp-Editor-firstpass.dll
WeaveUnetFromEditor Temp/Assembly-CSharp-Editor-firstpass.dll
WeaveAssemblies unityPath= C:/Program Files/Unity/Editor/Data/Managed/UnityEngine.dll
WeaveAssemblies unetPath= C:/Program Files/Unity/Editor/Data/UnityExtensions/Unity/Networking/UnityEngine.Networking.dll
Symbols will be read from Temp/Assembly-CSharp-Editor-firstpass.dll.mdb
Script Module: Assembly-CSharp-Editor-firstpass.dll
Pass: 0 took 0 milliseconds
Pass: 1 took 0 milliseconds
Reloading assemblies after script compilation.
Begin MonoManager ReloadAssembly
Platform assembly: C:\Program Files\Unity\Editor\Data\Managed\UnityEngine.dll (this message is harmless)
Platform assembly: C:\Program Files\Unity\Editor\Data\Managed\UnityEditor.dll (this message is harmless)
Platform assembly: C:\Program Files\Unity\Editor\Data\Managed\Unity.Locator.dll (this message is harmless)
Platform assembly: C:\Program Files\Unity\Editor\Data\Mono\lib\mono\2.0\I18N.dll (this message is harmless)
Platform assembly: C:\Program Files\Unity\Editor\Data\Mono\lib\mono\2.0\I18N.West.dll (this message is harmless)
Registering custom dll's ...
Register platform support module: C:\Program Files\Unity\Editor\Data\PlaybackEngines\windowsstandalonesupport/UnityEditor.WindowsStandalone.Extensions.dll
Platform assembly: C:\Program Files\Unity\Editor\Data\Mono\lib\mono\2.0\System.Core.dll (this message is harmless)
Registered in 0.008019 seconds.
Non platform assembly: C:\xampp\htdocs\digiart-project_Jan17\wp-content\plugins\wordpressunity3deditor\games_assemble\dune\Library\ScriptAssemblies\Assembly-CSharp-firstpass.dll (this message is harmless)
Loading C:\xampp\htdocs\digiart-project_Jan17\wp-content\plugins\wordpressunity3deditor\games_assemble\dune\Library\ScriptAssemblies\Assembly-CSharp-firstpass.dll into Unity Child Domain
Non platform assembly: C:\xampp\htdocs\digiart-project_Jan17\wp-content\plugins\wordpressunity3deditor\games_assemble\dune\Library\ScriptAssemblies\Assembly-CSharp-Editor-firstpass.dll (this message is harmless)
Loading C:\xampp\htdocs\digiart-project_Jan17\wp-content\plugins\wordpressunity3deditor\games_assemble\dune\Library\ScriptAssemblies\Assembly-CSharp-Editor-firstpass.dll into Unity Child Domain
Platform assembly: C:\Program Files\Unity\Editor\Data\PackageManager\Unity\PackageManager\5.5.0\Unity.PackageManager.dll (this message is harmless)
Loading C:\Program Files\Unity\Editor\Data\PackageManager\Unity\PackageManager\5.5.0\Unity.PackageManager.dll into Unity Child Domain
Non platform assembly: C:\Program Files\Unity\Editor\Data\UnityExtensions\Unity\Advertisements\UnityEngine.Advertisements.dll (this message is harmless)
Loading C:\Program Files\Unity\Editor\Data\UnityExtensions\Unity\Advertisements\UnityEngine.Advertisements.dll into Unity Child Domain
Non platform assembly: C:\Program Files\Unity\Editor\Data\UnityExtensions\Unity\Advertisements\Editor\UnityEditor.Advertisements.dll (this message is harmless)
Loading C:\Program Files\Unity\Editor\Data\UnityExtensions\Unity\Advertisements\Editor\UnityEditor.Advertisements.dll into Unity Child Domain
Non platform assembly: C:\Program Files\Unity\Editor\Data\UnityExtensions\Unity\EditorTestsRunner\Editor\nunit.framework.dll (this message is harmless)
Loading C:\Program Files\Unity\Editor\Data\UnityExtensions\Unity\EditorTestsRunner\Editor\nunit.framework.dll into Unity Child Domain
Non platform assembly: C:\Program Files\Unity\Editor\Data\UnityExtensions\Unity\EditorTestsRunner\Editor\UnityEditor.EditorTestsRunner.dll (this message is harmless)
Loading C:\Program Files\Unity\Editor\Data\UnityExtensions\Unity\EditorTestsRunner\Editor\UnityEditor.EditorTestsRunner.dll into Unity Child Domain
Non platform assembly: C:\Program Files\Unity\Editor\Data\UnityExtensions\Unity\GUISystem\UnityEngine.UI.dll (this message is harmless)
Loading C:\Program Files\Unity\Editor\Data\UnityExtensions\Unity\GUISystem\UnityEngine.UI.dll into Unity Child Domain
Non platform assembly: C:\Program Files\Unity\Editor\Data\UnityExtensions\Unity\GUISystem\Editor\UnityEditor.UI.dll (this message is harmless)
Loading C:\Program Files\Unity\Editor\Data\UnityExtensions\Unity\GUISystem\Editor\UnityEditor.UI.dll into Unity Child Domain
Non platform assembly: C:\Program Files\Unity\Editor\Data\UnityExtensions\Unity\Networking\UnityEngine.Networking.dll (this message is harmless)
Loading C:\Program Files\Unity\Editor\Data\UnityExtensions\Unity\Networking\UnityEngine.Networking.dll into Unity Child Domain
Non platform assembly: C:\Program Files\Unity\Editor\Data\UnityExtensions\Unity\Networking\Editor\UnityEditor.Networking.dll (this message is harmless)
Loading C:\Program Files\Unity\Editor\Data\UnityExtensions\Unity\Networking\Editor\UnityEditor.Networking.dll into Unity Child Domain
Non platform assembly: C:\Program Files\Unity\Editor\Data\UnityExtensions\Unity\PlaymodeTestsRunner\Editor\UnityEditor.PlaymodeTestsRunner.dll (this message is harmless)
Loading C:\Program Files\Unity\Editor\Data\UnityExtensions\Unity\PlaymodeTestsRunner\Editor\UnityEditor.PlaymodeTestsRunner.dll into Unity Child Domain
Non platform assembly: C:\Program Files\Unity\Editor\Data\UnityExtensions\Unity\PlaymodeTestsRunner\UnityEngine.PlaymodeTestsRunner.dll (this message is harmless)
Loading C:\Program Files\Unity\Editor\Data\UnityExtensions\Unity\PlaymodeTestsRunner\UnityEngine.PlaymodeTestsRunner.dll into Unity Child Domain
Non platform assembly: C:\Program Files\Unity\Editor\Data\UnityExtensions\Unity\TreeEditor\Editor\UnityEditor.TreeEditor.dll (this message is harmless)
Loading C:\Program Files\Unity\Editor\Data\UnityExtensions\Unity\TreeEditor\Editor\UnityEditor.TreeEditor.dll into Unity Child Domain
Non platform assembly: C:\Program Files\Unity\Editor\Data\UnityExtensions\Unity\UnityAnalytics\UnityEngine.Analytics.dll (this message is harmless)
Loading C:\Program Files\Unity\Editor\Data\UnityExtensions\Unity\UnityAnalytics\UnityEngine.Analytics.dll into Unity Child Domain
Non platform assembly: C:\Program Files\Unity\Editor\Data\UnityExtensions\Unity\UnityAnalytics\Editor\UnityEditor.Analytics.dll (this message is harmless)
Loading C:\Program Files\Unity\Editor\Data\UnityExtensions\Unity\UnityAnalytics\Editor\UnityEditor.Analytics.dll into Unity Child Domain
Non platform assembly: C:\Program Files\Unity\Editor\Data\UnityExtensions\Unity\UnityHoloLens\Editor\UnityEditor.HoloLens.dll (this message is harmless)
Loading C:\Program Files\Unity\Editor\Data\UnityExtensions\Unity\UnityHoloLens\Editor\UnityEditor.HoloLens.dll into Unity Child Domain
Non platform assembly: C:\Program Files\Unity\Editor\Data\UnityExtensions\Unity\UnityHoloLens\RuntimeEditor\UnityEngine.HoloLens.dll (this message is harmless)
Loading C:\Program Files\Unity\Editor\Data\UnityExtensions\Unity\UnityHoloLens\RuntimeEditor\UnityEngine.HoloLens.dll into Unity Child Domain
Non platform assembly: C:\Program Files\Unity\Editor\Data\UnityExtensions\Unity\UnityPurchasing\UnityEngine.Purchasing.dll (this message is harmless)
Loading C:\Program Files\Unity\Editor\Data\UnityExtensions\Unity\UnityPurchasing\UnityEngine.Purchasing.dll into Unity Child Domain
Non platform assembly: C:\Program Files\Unity\Editor\Data\UnityExtensions\Unity\UnityVR\Editor\UnityEditor.VR.dll (this message is harmless)
Loading C:\Program Files\Unity\Editor\Data\UnityExtensions\Unity\UnityVR\Editor\UnityEditor.VR.dll into Unity Child Domain
Non platform assembly: C:\Program Files\Unity\Editor\Data\UnityExtensions\Unity\UnityVR\RuntimeEditor\UnityEngine.VR.dll (this message is harmless)
Loading C:\Program Files\Unity\Editor\Data\UnityExtensions\Unity\UnityVR\RuntimeEditor\UnityEngine.VR.dll into Unity Child Domain
Platform assembly: C:\Program Files\Unity\Editor\Data\Managed\UnityEditor.Graphs.dll (this message is harmless)
Loading C:\Program Files\Unity\Editor\Data\Managed\UnityEditor.Graphs.dll into Unity Child Domain
Platform assembly: C:\Program Files\Unity\Editor\Data\PlaybackEngines\windowsstandalonesupport\UnityEditor.WindowsStandalone.Extensions.dll (this message is harmless)
Loading C:\Program Files\Unity\Editor\Data\PlaybackEngines\windowsstandalonesupport\UnityEditor.WindowsStandalone.Extensions.dll into Unity Child Domain
Platform assembly: C:\Program Files\Unity\Editor\Data\Managed\nunit.core.interfaces.dll (this message is harmless)
Refreshing native plugins compatible for Editor in 0.36 ms, found 4 plugins.
Preloading 2 native plugins for Editor in 0.38 ms.
Platform assembly: C:\Program Files\Unity\Editor\Data\Managed\Mono.Cecil.dll (this message is harmless)
Platform assembly: C:\Program Files\Unity\Editor\Data\Managed\Unity.SerializationLogic.dll (this message is harmless)
Platform assembly: C:\Program Files\Unity\Editor\Data\Managed\Unity.DataContract.dll (this message is harmless)
Platform assembly: C:\Program Files\Unity\Editor\Data\Mono\lib\mono\2.0\UnityScript.dll (this message is harmless)
Platform assembly: C:\Program Files\Unity\Editor\Data\Managed\ICSharpCode.NRefactory.dll (this message is harmless)
Platform assembly: C:\Program Files\Unity\Editor\Data\Mono\lib\mono\2.0\System.Xml.Linq.dll (this message is harmless)
Platform assembly: C:\Program Files\Unity\Editor\Data\Managed\Unity.IvyParser.dll (this message is harmless)
Platform assembly: C:\Program Files\Unity\Editor\Data\Managed\nunit.core.dll (this message is harmless)
Mono: successfully reloaded assembly
- Completed reload, in  0.485 seconds
Initializing Unity.PackageManager (PackageManager) v5.5.0 for Unity v5.5.0f3
Setting StandaloneWindows v5.5.0 for Unity v5.5.0f3 to C:\Program Files\Unity\Editor\Data\PlaybackEngines\windowsstandalonesupport
Setting Advertisements v5.5.0 for Unity v5.5.0f3 to C:\Program Files\Unity\Editor\Data\UnityExtensions\Unity\Advertisements
  UnityEngine.Advertisements.dll (Extension) GUID: 739bbd9f364b4268874f9fd86ab3beef
  Editor/UnityEditor.Advertisements.dll (Extension) GUID: 97decbdab0634cdd991f8d23ddf0dead
Setting EditorTestsRunner v5.5.0 for Unity v5.5.0f3 to C:\Program Files\Unity\Editor\Data\UnityExtensions\Unity\EditorTestsRunner
  Editor/nunit.framework.dll (Extension) GUID: 7cbab2be89b54486bbd23a6fe637d30e
  Editor/UnityEditor.EditorTestsRunner.dll (Extension) GUID: 3c0ad459c1534645b5d603b7cc258f97
Setting GUISystem v5.5.0 for Unity v5.5.0f3 to C:\Program Files\Unity\Editor\Data\UnityExtensions\Unity\GUISystem
  UnityEngine.UI.dll (Extension) GUID: f5f67c52d1564df4a8936ccd202a3bd8
  Standalone/UnityEngine.UI.dll (Extension) GUID: f70555f144d8491a825f0804e09c671c
  Editor/UnityEditor.UI.dll (Extension) GUID: 80a3616ca19596e4da0f10f14d241e9f
Setting UNetHLAPI v5.5.0 for Unity v5.5.0f3 to C:\Program Files\Unity\Editor\Data\UnityExtensions\Unity\Networking
  UnityEngine.Networking.dll (Extension) GUID: 870353891bb340e2b2a9c8707e7419ba
  Standalone/UnityEngine.Networking.dll (Extension) GUID: dc443db3e92b4983b9738c1131f555cb
  Editor/UnityEditor.Networking.dll (Extension) GUID: 5f32cd94baa94578a686d4b9d6b660f7
Setting PlaymodeTestsRunner v5.5.0 for Unity v5.5.0f3 to C:\Program Files\Unity\Editor\Data\UnityExtensions\Unity\PlaymodeTestsRunner
  Editor/UnityEditor.PlaymodeTestsRunner.dll (Extension) GUID: 4113173d5e95493ab8765d7b08371de4
  UnityEngine.PlaymodeTestsRunner.dll (Extension) GUID: 53ebcfaa2e1e4e2dbc85882cd5a73fa1
Setting TreeEditor v5.5.0 for Unity v5.5.0f3 to C:\Program Files\Unity\Editor\Data\UnityExtensions\Unity\TreeEditor
  Editor/UnityEditor.TreeEditor.dll (Extension) GUID: adebbd281f1a4ef3a30be7f21937e02f
Setting UnityAnalytics v5.5.0 for Unity v5.5.0f3 to C:\Program Files\Unity\Editor\Data\UnityExtensions\Unity\UnityAnalytics
  UnityEngine.Analytics.dll (Extension) GUID: 852E56802EB941638ACBB491814497B0
  Editor/UnityEditor.Analytics.dll (Extension) GUID: 86f4de9468454445ac2f39e207fafa3a
Setting UnityHoloLens v5.5.0 for Unity v5.5.0f3 to C:\Program Files\Unity\Editor\Data\UnityExtensions\Unity\UnityHoloLens
  Editor/UnityEditor.HoloLens.dll (Extension) GUID: 12fd8a0055b84bb59e84c9835a37e333
  Runtime/UnityEngine.HoloLens.dll (Extension) GUID: f7b54ff4a43d4fcf81b4538b678e0bcc
  RuntimeEditor/UnityEngine.HoloLens.dll (Extension) GUID: 1c6d1fbb51834b64847b1b73a75bfc77
Setting UnityPurchasing v5.5.0 for Unity v5.5.0f3 to C:\Program Files\Unity\Editor\Data\UnityExtensions\Unity\UnityPurchasing
  UnityEngine.Purchasing.dll (Extension) GUID: 8E0CD8ED44D4412CBE0642067ABC9E44
Setting UnityVR v5.5.0 for Unity v5.5.0f3 to C:\Program Files\Unity\Editor\Data\UnityExtensions\Unity\UnityVR
  Editor/UnityEditor.VR.dll (Extension) GUID: 4ba2329b63d54f0187bcaa12486b1b0f
  Runtime/UnityEngine.VR.dll (Extension) GUID: 6cdf1e5c78d14720aaadccd4C792df96
  RuntimeEditor/UnityEngine.VR.dll (Extension) GUID: 307433eba81a469ab1e2084d52d1a5a2
Registering platform support modules:
Platform assembly: C:\Program Files\Unity\Editor\Data\Mono\lib\mono\2.0\Boo.Lang.Compiler.dll (this message is harmless)
Platform assembly: C:\Program Files\Unity\Editor\Data\Mono\lib\mono\2.0\Boo.Lang.dll (this message is harmless)
Platform assembly: C:\Program Files\Unity\Editor\Data\Mono\lib\mono\2.0\Boo.Lang.Parser.dll (this message is harmless)
Platform assembly: C:\Program Files\Unity\Editor\Data\Mono\lib\mono\2.0\UnityScript.Lang.dll (this message is harmless)
Registered platform support modules in: 0.0497963s.
Native extension for WindowsStandalone target not found
Validating Project structure ... 0.001708 seconds.
Refresh: detecting if any assets need to be imported or removed ... Refresh: elapses 0.005175 seconds (Nothing changed)
Warming cache for 159 main assets: 0.000563 seconds elapsed
Initializing Unity extensions:
 'C:/Program Files/Unity/Editor/Data/UnityExtensions/Unity/UnityHoloLens/Editor/UnityEditor.HoloLens.dll'  GUID: 12fd8a0055b84bb59e84c9835a37e333
 'C:/Program Files/Unity/Editor/Data/UnityExtensions/Unity/UnityAnalytics/UnityEngine.Analytics.dll'  GUID: 852e56802eb941638acbb491814497b0
 'C:/Program Files/Unity/Editor/Data/UnityExtensions/Unity/GUISystem/Standalone/UnityEngine.UI.dll'  GUID: f70555f144d8491a825f0804e09c671c
 'C:/Program Files/Unity/Editor/Data/UnityExtensions/Unity/GUISystem/UnityEngine.UI.dll'  GUID: f5f67c52d1564df4a8936ccd202a3bd8
 'C:/Program Files/Unity/Editor/Data/UnityExtensions/Unity/Networking/Standalone/UnityEngine.Networking.dll'  GUID: dc443db3e92b4983b9738c1131f555cb
 'C:/Program Files/Unity/Editor/Data/UnityExtensions/Unity/Networking/Editor/UnityEditor.Networking.dll'  GUID: 5f32cd94baa94578a686d4b9d6b660f7
 'C:/Program Files/Unity/Editor/Data/UnityExtensions/Unity/UnityAnalytics/Editor/UnityEditor.Analytics.dll'  GUID: 86f4de9468454445ac2f39e207fafa3a
 'C:/Program Files/Unity/Editor/Data/UnityExtensions/Unity/UnityHoloLens/Runtime/UnityEngine.HoloLens.dll'  GUID: f7b54ff4a43d4fcf81b4538b678e0bcc
 'C:/Program Files/Unity/Editor/Data/UnityExtensions/Unity/TreeEditor/Editor/UnityEditor.TreeEditor.dll'  GUID: adebbd281f1a4ef3a30be7f21937e02f
 'C:/Program Files/Unity/Editor/Data/UnityExtensions/Unity/EditorTestsRunner/Editor/UnityEditor.EditorTestsRunner.dll'  GUID: 3c0ad459c1534645b5d603b7cc258f97
 'C:/Program Files/Unity/Editor/Data/UnityExtensions/Unity/Networking/UnityEngine.Networking.dll'  GUID: 870353891bb340e2b2a9c8707e7419ba
 'C:/Program Files/Unity/Editor/Data/UnityExtensions/Unity/PlaymodeTestsRunner/UnityEngine.PlaymodeTestsRunner.dll'  GUID: 53ebcfaa2e1e4e2dbc85882cd5a73fa1
 'C:/Program Files/Unity/Editor/Data/UnityExtensions/Unity/Advertisements/Editor/UnityEditor.Advertisements.dll'  GUID: 97decbdab0634cdd991f8d23ddf0dead
 'C:/Program Files/Unity/Editor/Data/UnityExtensions/Unity/UnityVR/Editor/UnityEditor.VR.dll'  GUID: 4ba2329b63d54f0187bcaa12486b1b0f
 'C:/Program Files/Unity/Editor/Data/UnityExtensions/Unity/UnityHoloLens/RuntimeEditor/UnityEngine.HoloLens.dll'  GUID: 1c6d1fbb51834b64847b1b73a75bfc77
 'C:/Program Files/Unity/Editor/Data/UnityExtensions/Unity/UnityVR/RuntimeEditor/UnityEngine.VR.dll'  GUID: 307433eba81a469ab1e2084d52d1a5a2
 'C:/Program Files/Unity/Editor/Data/UnityExtensions/Unity/UnityVR/Runtime/UnityEngine.VR.dll'  GUID: 6cdf1e5c78d14720aaadccd4c792df96
 'C:/Program Files/Unity/Editor/Data/UnityExtensions/Unity/GUISystem/Editor/UnityEditor.UI.dll'  GUID: 80a3616ca19596e4da0f10f14d241e9f
 'C:/Program Files/Unity/Editor/Data/UnityExtensions/Unity/PlaymodeTestsRunner/Editor/UnityEditor.PlaymodeTestsRunner.dll'  GUID: 4113173d5e95493ab8765d7b08371de4
 'C:/Program Files/Unity/Editor/Data/UnityExtensions/Unity/UnityPurchasing/UnityEngine.Purchasing.dll'  GUID: 8e0cd8ed44d4412cbe0642067abc9e44
 'C:/Program Files/Unity/Editor/Data/UnityExtensions/Unity/EditorTestsRunner/Editor/nunit.framework.dll'  GUID: 7cbab2be89b54486bbd23a6fe637d30e
 'C:/Program Files/Unity/Editor/Data/UnityExtensions/Unity/Advertisements/UnityEngine.Advertisements.dll'  GUID: 739bbd9f364b4268874f9fd86ab3beef
Unloading 104 Unused Serialized files (Serialized files now loaded: 0)
System memory in use before: 19.3 MB.
System memory in use after: 19.2 MB.

Unloading 1 unused Assets to reduce memory usage. Loaded Objects now: 599.
Total: 0.635653 ms (FindLiveObjects: 0.076246 ms CreateObjectMapping: 0.013827 ms MarkObjects: 0.535703 ms  DeleteObjects: 0.007901 ms)

building x86 windows player!
Platform assembly: C:\Program Files\Unity\Editor\Data\Managed\Unity.CecilTools.dll (this message is harmless)
BuildPlayer: start building target 5
Ignoring 'C:/Program Files/Unity/Editor/Data/UnityExtensions/Unity/Advertisements/Editor/UnityEditor.Advertisements.dll' because we're compiling for WindowsStandaloneSupport
Ignoring 'C:/Program Files/Unity/Editor/Data/UnityExtensions/Unity/Advertisements/UnityEngine.Advertisements.dll' because we're compiling for WindowsStandaloneSupport
Ignoring 'C:/Program Files/Unity/Editor/Data/UnityExtensions/Unity/EditorTestsRunner/Editor/UnityEditor.EditorTestsRunner.dll' because we're compiling for WindowsStandaloneSupport
Ignoring 'C:/Program Files/Unity/Editor/Data/UnityExtensions/Unity/EditorTestsRunner/Editor/nunit.framework.dll' because we're compiling for WindowsStandaloneSupport
Ignoring 'C:/Program Files/Unity/Editor/Data/UnityExtensions/Unity/GUISystem/Editor/UnityEditor.UI.dll' because we're compiling for WindowsStandaloneSupport
Ignoring 'C:/Program Files/Unity/Editor/Data/UnityExtensions/Unity/GUISystem/UnityEngine.UI.dll' because we're compiling for WindowsStandaloneSupport
Ignoring 'C:/Program Files/Unity/Editor/Data/UnityExtensions/Unity/Networking/Editor/UnityEditor.Networking.dll' because we're compiling for WindowsStandaloneSupport
Ignoring 'C:/Program Files/Unity/Editor/Data/UnityExtensions/Unity/Networking/UnityEngine.Networking.dll' because we're compiling for WindowsStandaloneSupport
Ignoring 'C:/Program Files/Unity/Editor/Data/UnityExtensions/Unity/PlaymodeTestsRunner/Editor/UnityEditor.PlaymodeTestsRunner.dll' because we're compiling for WindowsStandaloneSupport
Ignoring 'C:/Program Files/Unity/Editor/Data/UnityExtensions/Unity/TreeEditor/Editor/UnityEditor.TreeEditor.dll' because we're compiling for WindowsStandaloneSupport
Ignoring 'C:/Program Files/Unity/Editor/Data/UnityExtensions/Unity/UnityAnalytics/Editor/UnityEditor.Analytics.dll' because we're compiling for WindowsStandaloneSupport
Ignoring 'C:/Program Files/Unity/Editor/Data/UnityExtensions/Unity/UnityAnalytics/UnityEngine.Analytics.dll' because we're compiling for WindowsStandaloneSupport
Ignoring 'C:/Program Files/Unity/Editor/Data/UnityExtensions/Unity/UnityHoloLens/Editor/UnityEditor.HoloLens.dll' because we're compiling for WindowsStandaloneSupport
Ignoring 'C:/Program Files/Unity/Editor/Data/UnityExtensions/Unity/UnityHoloLens/Runtime/UnityEngine.HoloLens.dll' because we're compiling for WindowsStandaloneSupport
Ignoring 'C:/Program Files/Unity/Editor/Data/UnityExtensions/Unity/UnityHoloLens/RuntimeEditor/UnityEngine.HoloLens.dll' because we're compiling for WindowsStandaloneSupport
Ignoring 'C:/Program Files/Unity/Editor/Data/UnityExtensions/Unity/UnityPurchasing/UnityEngine.Purchasing.dll' because we're compiling for WindowsStandaloneSupport
Ignoring 'C:/Program Files/Unity/Editor/Data/UnityExtensions/Unity/UnityVR/Editor/UnityEditor.VR.dll' because we're compiling for WindowsStandaloneSupport
Ignoring 'C:/Program Files/Unity/Editor/Data/UnityExtensions/Unity/UnityVR/Runtime/UnityEngine.VR.dll' because we're compiling for WindowsStandaloneSupport
Ignoring 'C:/Program Files/Unity/Editor/Data/UnityExtensions/Unity/UnityVR/RuntimeEditor/UnityEngine.VR.dll' because we're compiling for WindowsStandaloneSupport
- starting compile Library/ScriptAssemblies/Assembly-CSharp-firstpass.dll, for buildtarget 5
- Finished compile Library/ScriptAssemblies/Assembly-CSharp-firstpass.dll
WeaveUnetFromEditor Temp/Assembly-CSharp-firstpass.dll
Platform assembly: C:\Program Files\Unity\Editor\Data\Managed\Unity.UNetWeaver.dll (this message is harmless)
Ignoring 'C:/Program Files/Unity/Editor/Data/UnityExtensions/Unity/Advertisements/UnityEngine.Advertisements.dll' because we're compiling for Editor
Ignoring 'C:/Program Files/Unity/Editor/Data/UnityExtensions/Unity/GUISystem/Standalone/UnityEngine.UI.dll' because we're compiling for Editor
Ignoring 'C:/Program Files/Unity/Editor/Data/UnityExtensions/Unity/Networking/Standalone/UnityEngine.Networking.dll' because we're compiling for Editor
Ignoring 'C:/Program Files/Unity/Editor/Data/UnityExtensions/Unity/UnityHoloLens/Runtime/UnityEngine.HoloLens.dll' because we're compiling for Editor
Ignoring 'C:/Program Files/Unity/Editor/Data/UnityExtensions/Unity/UnityPurchasing/UnityEngine.Purchasing.dll' because we're compiling for Editor
Ignoring 'C:/Program Files/Unity/Editor/Data/UnityExtensions/Unity/UnityVR/Runtime/UnityEngine.VR.dll' because we're compiling for Editor
WeaveAssemblies unityPath= C:/Program Files/Unity/Editor/Data/Managed/UnityEngine.dll
WeaveAssemblies unetPath= C:/Program Files/Unity/Editor/Data/UnityExtensions/Unity/Networking/UnityEngine.Networking.dll
Platform assembly: C:\Program Files\Unity\Editor\Data\Managed\Mono.Cecil.Pdb.dll (this message is harmless)
Platform assembly: C:\Program Files\Unity\Editor\Data\Managed\Mono.Cecil.Mdb.dll (this message is harmless)
Symbols will be read from Temp/Assembly-CSharp-firstpass.dll.mdb
Script Module: Assembly-CSharp-firstpass.dll
Pass: 0 took 12 milliseconds
Pass: 1 took 3 milliseconds
Ignoring 'C:/Program Files/Unity/Editor/Data/UnityExtensions/Unity/Advertisements/Editor/UnityEditor.Advertisements.dll' because we're compiling for WindowsStandaloneSupport
Ignoring 'C:/Program Files/Unity/Editor/Data/UnityExtensions/Unity/Advertisements/UnityEngine.Advertisements.dll' because we're compiling for WindowsStandaloneSupport
Ignoring 'C:/Program Files/Unity/Editor/Data/UnityExtensions/Unity/EditorTestsRunner/Editor/UnityEditor.EditorTestsRunner.dll' because we're compiling for WindowsStandaloneSupport
Ignoring 'C:/Program Files/Unity/Editor/Data/UnityExtensions/Unity/EditorTestsRunner/Editor/nunit.framework.dll' because we're compiling for WindowsStandaloneSupport
Ignoring 'C:/Program Files/Unity/Editor/Data/UnityExtensions/Unity/GUISystem/Editor/UnityEditor.UI.dll' because we're compiling for WindowsStandaloneSupport
Ignoring 'C:/Program Files/Unity/Editor/Data/UnityExtensions/Unity/GUISystem/UnityEngine.UI.dll' because we're compiling for WindowsStandaloneSupport
Ignoring 'C:/Program Files/Unity/Editor/Data/UnityExtensions/Unity/Networking/Editor/UnityEditor.Networking.dll' because we're compiling for WindowsStandaloneSupport
Ignoring 'C:/Program Files/Unity/Editor/Data/UnityExtensions/Unity/Networking/UnityEngine.Networking.dll' because we're compiling for WindowsStandaloneSupport
Ignoring 'C:/Program Files/Unity/Editor/Data/UnityExtensions/Unity/PlaymodeTestsRunner/Editor/UnityEditor.PlaymodeTestsRunner.dll' because we're compiling for WindowsStandaloneSupport
Ignoring 'C:/Program Files/Unity/Editor/Data/UnityExtensions/Unity/TreeEditor/Editor/UnityEditor.TreeEditor.dll' because we're compiling for WindowsStandaloneSupport
Ignoring 'C:/Program Files/Unity/Editor/Data/UnityExtensions/Unity/UnityAnalytics/Editor/UnityEditor.Analytics.dll' because we're compiling for WindowsStandaloneSupport
Ignoring 'C:/Program Files/Unity/Editor/Data/UnityExtensions/Unity/UnityAnalytics/UnityEngine.Analytics.dll' because we're compiling for WindowsStandaloneSupport
Ignoring 'C:/Program Files/Unity/Editor/Data/UnityExtensions/Unity/UnityHoloLens/Editor/UnityEditor.HoloLens.dll' because we're compiling for WindowsStandaloneSupport
Ignoring 'C:/Program Files/Unity/Editor/Data/UnityExtensions/Unity/UnityHoloLens/Runtime/UnityEngine.HoloLens.dll' because we're compiling for WindowsStandaloneSupport
Ignoring 'C:/Program Files/Unity/Editor/Data/UnityExtensions/Unity/UnityHoloLens/RuntimeEditor/UnityEngine.HoloLens.dll' because we're compiling for WindowsStandaloneSupport
Ignoring 'C:/Program Files/Unity/Editor/Data/UnityExtensions/Unity/UnityPurchasing/UnityEngine.Purchasing.dll' because we're compiling for WindowsStandaloneSupport
Ignoring 'C:/Program Files/Unity/Editor/Data/UnityExtensions/Unity/UnityVR/Editor/UnityEditor.VR.dll' because we're compiling for WindowsStandaloneSupport
Ignoring 'C:/Program Files/Unity/Editor/Data/UnityExtensions/Unity/UnityVR/Runtime/UnityEngine.VR.dll' because we're compiling for WindowsStandaloneSupport
Ignoring 'C:/Program Files/Unity/Editor/Data/UnityExtensions/Unity/UnityVR/RuntimeEditor/UnityEngine.VR.dll' because we're compiling for WindowsStandaloneSupport
DisplayProgressbar: Building Player

Packing sprites:
- Grouping sprites using the selected SpritePackerPolicy.
- Packing 0 atlases.
- Packing completed.
Opening scene 'Assets/S4/S4.unity'
Load scene 'Assets/S4/S4.unity' time: 0.007111 ms 
Unloading 19 Unused Serialized files (Serialized files now loaded: 0)
System memory in use before: 35.5 MB.
System memory in use after: 35.6 MB.

Unloading 8 unused Assets to reduce memory usage. Loaded Objects now: 2563.
Total: 8.074265 ms (FindLiveObjects: 0.174222 ms CreateObjectMapping: 0.024888 ms MarkObjects: 7.410562 ms  DeleteObjects: 0.463011 ms)

[00:00:00] Enlighten: Precompute started.
[00:00:00] Enlighten: Finished 1 Layout Systems job (0.00s execute, 0.00s integrate, 0.01s wallclock)
[00:00:00] Enlighten: Finished 1 Tetrahedralize Probes job (0.00s execute, 0.00s integrate, 0.01s wallclock)
[00:00:00] Enlighten: Precompute took 0.020512 seconds.
Enlighten scene contents:   0 geometries.   0 instances.   0 systems.   0 probe groups.   0 cube maps. Scene is up-to-date.
Launched and connected shader compiler UnityShaderCompiler.exe after 0.05 seconds
Setting up 2 worker threads for Enlighten.
  Thread -> id: 8e8 -> priority: 1 
  Thread -> id: 238c -> priority: 1 
[00:00:00] Enlighten: Bake started.
[00:00:00] Enlighten: Finished 1 Bake Runtime job (0.05s execute, 0.00s integrate, 0.06s wallclock)
[00:00:00] Enlighten: Bake took 0.057530 seconds.
[00:00:00] Enlighten: Reflection Probes started.
[00:00:00] Enlighten: Finished 1 Ambient Probes job (0.00s execute, 0.00s integrate, 0.01s wallclock)
[00:00:00] Enlighten: Finished 1 Reflection Probes job (0.00s execute, 0.00s integrate, 0.01s wallclock)
Refreshing native plugins compatible for Editor in 0.26 ms, found 4 plugins.


Mono dependencies included in the build
Dependency assembly - Mono.Security.dll
Dependency assembly - System.Core.dll
Dependency assembly - System.dll
Dependency assembly - mscorlib.dll
Dependency assembly - UnityEngine.UI.dll
Dependency assembly - UnityEngine.Networking.dll
Dependency assembly - UnityEngine.PlaymodeTestsRunner.dll
Dependency assembly - Assembly-CSharp-firstpass.dll

Unloading 7 Unused Serialized files (Serialized files now loaded: 0)
System memory in use before: 37.6 MB.
System memory in use after: 37.5 MB.

Unloading 25 unused Assets to reduce memory usage. Loaded Objects now: 2531.
Total: 8.127203 ms (FindLiveObjects: 0.183308 ms CreateObjectMapping: 0.024098 ms MarkObjects: 7.350512 ms  DeleteObjects: 0.567703 ms)

Unloading 1 Unused Serialized files (Serialized files now loaded: 0)
System memory in use before: 37.1 MB.
System memory in use after: 37.3 MB.

Unloading 0 unused Assets to reduce memory usage. Loaded Objects now: 2544.
Total: 9.359400 ms (FindLiveObjects: 0.312493 ms CreateObjectMapping: 0.040296 ms MarkObjects: 8.994759 ms  DeleteObjects: 0.009876 ms)

Unloading 1 Unused Serialized files (Serialized files now loaded: 0)
System memory in use before: 79.3 MB.
System memory in use after: 37.5 MB.

Unloading 123 unused Assets to reduce memory usage. Loaded Objects now: 2530.
Total: 20.162748 ms (FindLiveObjects: 0.148543 ms CreateObjectMapping: 0.025283 ms MarkObjects: 6.805723 ms  DeleteObjects: 13.182409 ms)

Launched and connected shader compiler UnityShaderCompiler.exe after 0.05 seconds
Launched and connected shader compiler UnityShaderCompiler.exe after 0.05 seconds
Launched and connected shader compiler UnityShaderCompiler.exe after 0.05 seconds
Launched and connected shader compiler UnityShaderCompiler.exe after 0.05 seconds
Launched and connected shader compiler UnityShaderCompiler.exe after 0.05 seconds
Launched and connected shader compiler UnityShaderCompiler.exe after 0.05 seconds
Launched and connected shader compiler UnityShaderCompiler.exe after 0.05 seconds

Textures      0.0 kb	 0.0% 
Meshes        0.0 kb	 0.0% 
Animations    0.0 kb	 0.0% 
Sounds        162.4 kb	 3.4% 
Shaders       18.6 kb	 0.4% 
Other Assets  0.7 kb	 0.0% 
Levels        6.0 kb	 0.1% 
Scripts       581.3 kb	 12.1% 
Included DLLs 3.9 mb	 83.8% 
File headers  9.1 kb	 0.2% 
Complete size 4.7 mb	 100.0% 

Used Assets and files from the Resources folder, sorted by uncompressed size:
 48.7 kb	 1.0% Assets/Standard Assets/Characters/FirstPersonCharacter/Audio/Footstep02.wav
 47.1 kb	 1.0% Assets/Standard Assets/Characters/FirstPersonCharacter/Audio/Footstep01.wav
 44.6 kb	 0.9% Assets/Standard Assets/Characters/FirstPersonCharacter/Audio/Land.wav
 22.0 kb	 0.5% Assets/Standard Assets/Characters/FirstPersonCharacter/Audio/Jump.wav
 19.0 kb	 0.4% Resources/unity_builtin_extra
 4.1 kb	 0.1% C:/Program Files/Unity/Editor/Data/UnityExtensions/Unity/GUISystem/UnityEngine.UI.dll
 4.1 kb	 0.1% C:/Program Files/Unity/Editor/Data/UnityExtensions/Unity/GUISystem/Standalone/UnityEngine.UI.dll
 1.8 kb	 0.0% C:/Program Files/Unity/Editor/Data/UnityExtensions/Unity/Networking/UnityEngine.Networking.dll
 1.8 kb	 0.0% C:/Program Files/Unity/Editor/Data/UnityExtensions/Unity/Networking/Standalone/UnityEngine.Networking.dll
 0.7 kb	 0.0% C:/Program Files/Unity/Editor/Data/UnityExtensions/Unity/UnityHoloLens/RuntimeEditor/UnityEngine.HoloLens.dll
 0.7 kb	 0.0% C:/Program Files/Unity/Editor/Data/UnityExtensions/Unity/UnityHoloLens/Runtime/UnityEngine.HoloLens.dll
 0.4 kb	 0.0% C:/Program Files/Unity/Editor/Data/UnityExtensions/Unity/PlaymodeTestsRunner/UnityEngine.PlaymodeTestsRunner.dll
 0.3 kb	 0.0% C:/Program Files/Unity/Editor/Data/UnityExtensions/Unity/Advertisements/UnityEngine.Advertisements.dll
 0.2 kb	 0.0% Assets/Standard Assets/Characters/FirstPersonCharacter/Scripts/RigidbodyFirstPersonController.cs
 0.2 kb	 0.0% Assets/Standard Assets/CrossPlatformInput/Scripts/CrossPlatformInputManager.cs
 0.2 kb	 0.0% Assets/Standard Assets/Characters/FirstPersonCharacter/Scripts/FirstPersonController.cs
 0.2 kb	 0.0% Assets/Standard Assets/CrossPlatformInput/Scripts/PlatformSpecific/StandaloneInput.cs
 0.1 kb	 0.0% Assets/Standard Assets/CrossPlatformInput/Scripts/PlatformSpecific/MobileInput.cs
 0.1 kb	 0.0% Assets/Standard Assets/CrossPlatformInput/Scripts/InputAxisScrollbar.cs
 0.1 kb	 0.0% Assets/Standard Assets/Utility/WaypointProgressTracker.cs
 0.1 kb	 0.0% Assets/Standard Assets/Utility/TimedObjectDestructor.cs
 0.1 kb	 0.0% Assets/Standard Assets/Utility/PlatformSpecificContent.cs
 0.1 kb	 0.0% Assets/Standard Assets/Utility/ParticleSystemDestroyer.cs
 0.1 kb	 0.0% Assets/Standard Assets/Utility/DynamicShadowSettings.cs
 0.1 kb	 0.0% Assets/Standard Assets/Utility/AutoMobileShaderSwitch.cs
 0.1 kb	 0.0% Assets/Standard Assets/CrossPlatformInput/Scripts/MobileControlRig.cs
 0.1 kb	 0.0% Assets/Standard Assets/CrossPlatformInput/Scripts/ButtonHandler.cs
 0.1 kb	 0.0% Assets/Standard Assets/CrossPlatformInput/Scripts/AxisTouchButton.cs
 0.1 kb	 0.0% Assets/Standard Assets/Utility/TimedObjectActivator.cs
 0.1 kb	 0.0% Assets/Standard Assets/Utility/SimpleMouseRotator.cs
 0.1 kb	 0.0% Assets/Standard Assets/Utility/SimpleActivatorMenu.cs
 0.1 kb	 0.0% Assets/Standard Assets/Utility/LerpControlledBob.cs
 0.1 kb	 0.0% Assets/Standard Assets/Utility/CurveControlledBob.cs
 0.1 kb	 0.0% Assets/Standard Assets/Utility/AutoMoveAndRotate.cs
 0.1 kb	 0.0% Assets/Standard Assets/Characters/FirstPersonCharacter/Scripts/MouseLook.cs
 0.1 kb	 0.0% Assets/Standard Assets/CrossPlatformInput/Scripts/VirtualInput.cs
 0.1 kb	 0.0% Assets/Standard Assets/CrossPlatformInput/Scripts/TiltInput.cs
 0.1 kb	 0.0% Assets/Standard Assets/Utility/WaypointCircuit.cs
 0.1 kb	 0.0% Assets/Standard Assets/Utility/ObjectResetter.cs
 0.1 kb	 0.0% Assets/Standard Assets/Utility/DragRigidbody.cs
 0.1 kb	 0.0% Assets/Standard Assets/Utility/CameraRefocus.cs
 0.1 kb	 0.0% Assets/Standard Assets/Utility/ActivateTrigger.cs
 0.1 kb	 0.0% Assets/Standard Assets/Characters/FirstPersonCharacter/Scripts/HeadBob.cs
 0.1 kb	 0.0% Assets/Standard Assets/CrossPlatformInput/Scripts/TouchPad.cs
 0.1 kb	 0.0% Assets/Standard Assets/CrossPlatformInput/Scripts/Joystick.cs
 0.1 kb	 0.0% C:/Program Files/Unity/Editor/Data/UnityExtensions/Unity/UnityAnalytics/UnityEngine.Analytics.dll
 0.1 kb	 0.0% Assets/Standard Assets/Utility/SmoothFollow.cs
 0.1 kb	 0.0% Assets/Standard Assets/Utility/FollowTarget.cs
 0.1 kb	 0.0% Assets/Standard Assets/Utility/FPSCounter.cs
 0.1 kb	 0.0% C:/Program Files/Unity/Editor/Data/UnityExtensions/Unity/UnityPurchasing/UnityEngine.Purchasing.dll
 0.1 kb	 0.0% Assets/Standard Assets/Utility/FOVKick.cs
 0.1 kb	 0.0% Assets/Standard Assets/Utility/EventSystemChecker.cs
 0.1 kb	 0.0% Assets/Standard Assets/Utility/AlphaButtonClickMask.cs
 0.1 kb	 0.0% Assets/Standard Assets/Utility/ForcedReset.cs
DisplayProgressNotification: Build Successful
Unloading 5 Unused Serialized files (Serialized files now loaded: 0)
System memory in use before: 37.4 MB.
System memory in use after: 37.4 MB.

Unloading 8 unused Assets to reduce memory usage. Loaded Objects now: 2546.
Total: 10.362856 ms (FindLiveObjects: 0.349234 ms CreateObjectMapping: 0.042271 ms MarkObjects: 9.212042 ms  DeleteObjects: 0.756937 ms)

Ignoring 'C:/Program Files/Unity/Editor/Data/UnityExtensions/Unity/Advertisements/UnityEngine.Advertisements.dll' because we're compiling for Editor
Ignoring 'C:/Program Files/Unity/Editor/Data/UnityExtensions/Unity/GUISystem/Standalone/UnityEngine.UI.dll' because we're compiling for Editor
Ignoring 'C:/Program Files/Unity/Editor/Data/UnityExtensions/Unity/Networking/Standalone/UnityEngine.Networking.dll' because we're compiling for Editor
Ignoring 'C:/Program Files/Unity/Editor/Data/UnityExtensions/Unity/UnityHoloLens/Runtime/UnityEngine.HoloLens.dll' because we're compiling for Editor
Ignoring 'C:/Program Files/Unity/Editor/Data/UnityExtensions/Unity/UnityPurchasing/UnityEngine.Purchasing.dll' because we're compiling for Editor
Ignoring 'C:/Program Files/Unity/Editor/Data/UnityExtensions/Unity/UnityVR/Runtime/UnityEngine.VR.dll' because we're compiling for Editor
Ignoring 'C:/Program Files/Unity/Editor/Data/UnityExtensions/Unity/Advertisements/UnityEngine.Advertisements.dll' because we're compiling for Editor
Ignoring 'C:/Program Files/Unity/Editor/Data/UnityExtensions/Unity/GUISystem/Standalone/UnityEngine.UI.dll' because we're compiling for Editor
Ignoring 'C:/Program Files/Unity/Editor/Data/UnityExtensions/Unity/Networking/Standalone/UnityEngine.Networking.dll' because we're compiling for Editor
Ignoring 'C:/Program Files/Unity/Editor/Data/UnityExtensions/Unity/UnityHoloLens/Runtime/UnityEngine.HoloLens.dll' because we're compiling for Editor
Ignoring 'C:/Program Files/Unity/Editor/Data/UnityExtensions/Unity/UnityPurchasing/UnityEngine.Purchasing.dll' because we're compiling for Editor
Ignoring 'C:/Program Files/Unity/Editor/Data/UnityExtensions/Unity/UnityVR/Runtime/UnityEngine.VR.dll' because we're compiling for Editor
- starting compile Library/ScriptAssemblies/Assembly-CSharp-firstpass.dll, for buildtarget 5
Load scene 'Temp/__Backupscenes/0.backup' time: 0.011061 ms 
Unloading 0 Unused Serialized files (Serialized files now loaded: 0)
[00:00:00] Enlighten: Reflection Probes took 1.918726 seconds. Cancelled, so not done yet.
System memory in use before: 37.2 MB.
System memory in use after: 37.3 MB.

Unloading 0 unused Assets to reduce memory usage. Loaded Objects now: 2535.
Total: 8.077030 ms (FindLiveObjects: 0.244147 ms CreateObjectMapping: 0.030419 ms MarkObjects: 7.795351 ms  DeleteObjects: 0.005530 ms)


*** Completed 'Build.Player.WindowsStandaloneSupport' in 4 seconds (3930 ms)

Batchmode quit successfully invoked - shutting down!
Refresh: detecting if any assets need to be imported or removed ... Refresh: elapses 0.005136 seconds (Nothing changed)
Updating ProjectSettings/ProjectSettings.asset - GUID: 00000000000000004000000000000000...
 done. [Time: 39.932808 ms] 
Refreshing native plugins compatible for Editor in 0.34 ms, found 4 plugins.
Preloading 2 native plugins for Editor in 0.39 ms.

----- Total AssetImport time: 0.103184s, AssetImport time: 0.067936s, Asset hashing: 0.000000s [0 B, 0.000000 mb/s]

Refresh: detecting if any assets need to be imported or removed ... Refresh: elapses 0.006306 seconds (Nothing changed)
Cleanup mono
Exiting batchmode successfully now!
debugger-agent: Unable to listen on 1032
